0 verbose cli /Users/smilefounder/.nvm/versions/node/v23.5.0/bin/node /Users/smilefounder/.nvm/versions/node/v23.5.0/lib/node_modules/npm/bin/npm-cli.js
1 info using npm@11.2.0
2 info using node@v23.5.0
3 silly config load:file:/Users/smilefounder/.nvm/versions/node/v23.5.0/lib/node_modules/npm/npmrc
4 silly config load:file:/Users/smilefounder/Desktop/mixcore/mix.portal.react/.npmrc
5 error config prefix cannot be changed from project config: /Users/smilefounder/Desktop/mixcore/mix.portal.react/.npmrc.
6 silly config load:file:/Users/smilefounder/.npmrc
7 silly config load:file:/Users/smilefounder/Desktop/mixcore/mix.portal.react/C:\Users\smile\AppData\Roaming\npm/etc/npmrc
8 verbose title npm exec eslint . --ext .js,.jsx,.ts,.tsx
9 verbose argv "exec" "--" "eslint" "." "--ext" ".js,.jsx,.ts,.tsx"
10 verbose logfile logs-max:10 dir:/Users/smilefounder/Desktop/mixcore/mix.portal.react/C:\Users\smile\AppData\Local\npm-cache/_logs/2025-04-10T17_00_46_235Z-
11 verbose logfile /Users/smilefounder/Desktop/mixcore/mix.portal.react/C:\Users\smile\AppData\Local\npm-cache/_logs/2025-04-10T17_00_46_235Z-debug-0.log
12 silly logfile done cleaning log files
13 http fetch GET 200 https://registry.npmjs.org/npm 431ms
14 verbose cwd /Users/smilefounder/Desktop/mixcore/mix.portal.react
15 verbose os Darwin 24.3.0
16 verbose node v23.5.0
17 verbose npm  v11.2.0
18 notice
18 notice New [33mminor[39m version of npm available! [33m11.2.0[39m -> [34m11.3.0[39m
18 notice Changelog: [34mhttps://github.com/npm/cli/releases/tag/v11.3.0[39m
18 notice To update run: [4mnpm install -g npm@11.3.0[24m
18 notice  { force: true, [Symbol(proc-log.meta)]: true }
19 verbose exit 1
20 verbose code 1
